============================= test session starts ==============================
platform darwin -- Python 3.11.9, pytest-9.1.1, pluggy-1.6.0
rootdir: /Users/sumatidhingra/aarambooks
plugins: asyncio-1.4.0, anyio-3.7.1
asyncio: mode=Mode.STRICT, debug=False, asyncio_default_fixture_loop_scope=None, asyncio_default_test_loop_scope=function
collected 16 items

tests/intelligence_domains/ndr/test_ndr_knowledge.py .....               [ 31%]
tests/intelligence_domains/ndr/test_ndr_models.py ....                   [ 56%]
tests/intelligence_domains/ndr/test_ndr_orchestration.py ...F            [ 81%]
tests/intelligence_domains/ndr/test_ndr_real_integration.py F..          [100%]

=================================== FAILURES ===================================
_______________ test_ndr_rabta_end_to_end_conversational_routing _______________

mock_gateway = <AsyncMock spec='ModelGatewayProvider' id='4379914512'>
mock_memory = <AsyncMock spec='MemoryProvider' id='4381010640'>
mock_azm_provider = <MagicMock id='4381548880'>

    @pytest.mark.asyncio
    async def test_ndr_rabta_end_to_end_conversational_routing(mock_gateway, mock_memory, mock_azm_provider):
        """
        Test Phase 7: Complete conversational query routing from Rabta Orchestrator to NDR-ID.
        """
        ndr_orch = NDRIntelligenceOrchestrator(
            gateway=mock_gateway,
            knowledge=AsyncMock(),
            memory=mock_memory,
            azm_provider=mock_azm_provider
        )
    
        mock_id_resolver = MagicMock(spec=IntelligenceDomainResolver)
        mock_id_resolver.resolve.side_effect = lambda urn: ndr_orch if urn == "urn:aarambooks:intelligence:ndr" else None
    
        mock_cem_resolver = MagicMock(spec=ContextExecutionResolver)
    
        rabta = RabtaOrchestrator(
            id_resolver=mock_id_resolver,
            cem_resolver=mock_cem_resolver,
            classifier=RequirementClassifier(mock_gateway),
            memory_provider=mock_memory
        )
    
        query = "What is the NDR status of AWB 12345?"
        response = await rabta.process_query(
            query=query,
            id_urn="urn:aarambooks:intelligence:ndr",
            cem_urn="urn:aarambooks:cem:ndr",
            auth_context="test_auth",
            session_id="session_ndr_1"
        )
    
        assert response is not None
>       assert response.response_type == ConversationalResponseType.SUCCESS
               ^^^^^^^^^^^^^^^^^^^^^^
E       AttributeError: 'str' object has no attribute 'response_type'

tests/intelligence_domains/ndr/test_ndr_orchestration.py:240: AttributeError
___________________________ test_real_ndr_query_path ___________________________

mock_gateway = <AsyncMock spec='ModelGatewayProvider' id='4381710864'>
mock_memory = <AsyncMock spec='MemoryProvider' id='4390200080'>
mock_azm_provider = <MagicMock id='4381662352'>

    @pytest.mark.asyncio
    async def test_real_ndr_query_path(mock_gateway, mock_memory, mock_azm_provider):
        """
        Test Phase 3: Trace a conversational NDR request through the real Rabta architecture
        to the NDR-ID read substrate mapping to the ShopDeck business truth.
        """
        ndr_orch = NDRIntelligenceOrchestrator(
            gateway=mock_gateway,
            knowledge=AsyncMock(),
            memory=mock_memory,
            azm_provider=mock_azm_provider
        )
    
        mock_id_resolver = MagicMock()
        mock_id_resolver.resolve.side_effect = lambda urn: ndr_orch if urn == "urn:aarambooks:intelligence:ndr" else None
    
        rabta = RabtaOrchestrator(
            id_resolver=mock_id_resolver,
            cem_resolver=MagicMock(),
            classifier=RequirementClassifier(mock_gateway),
            memory_provider=mock_memory
        )
    
        # Send a query
        query = "What is the NDR status of AWB 12345?"
        response = await rabta.process_query(
            query=query,
            id_urn="urn:aarambooks:intelligence:ndr",
            cem_urn="urn:aarambooks:cem:ndr",
            auth_context="test_auth",
            session_id="session_1"
        )
    
        assert response is not None
        # We verify the query path did invoke the expected orchestration chain.
>       assert response.response_type == ConversationalResponseType.SUCCESS
               ^^^^^^^^^^^^^^^^^^^^^^
E       AttributeError: 'str' object has no attribute 'response_type'

tests/intelligence_domains/ndr/test_ndr_real_integration.py:79: AttributeError
=============================== warnings summary ===============================
../../../Library/Frameworks/Python.framework/Versions/3.11/lib/python3.11/site-packages/pydantic/_internal/_fields.py:149
  /Library/Frameworks/Python.framework/Versions/3.11/lib/python3.11/site-packages/pydantic/_internal/_fields.py:149: UserWarning: Field "model_used" has conflict with protected namespace "model_".
  
  You may be able to resolve this warning by setting `model_config['protected_namespaces'] = ()`.
    warnings.warn(

-- Docs: https://docs.pytest.org/en/stable/how-to/capture-warnings.html
=========================== short test summary info ============================
FAILED tests/intelligence_domains/ndr/test_ndr_orchestration.py::test_ndr_rabta_end_to_end_conversational_routing
FAILED tests/intelligence_domains/ndr/test_ndr_real_integration.py::test_real_ndr_query_path
=================== 2 failed, 14 passed, 1 warning in 0.97s ====================
